[peakstudio.org/index.html]
[backblue.gif]
[fade.gif]
[index.html]
[peakstudio.org/assets/img/CR_icon.png]
[cdn.jsdelivr.net/npm/bootstrap@4.6.0/dist/css/bootstrap.min.css]
[use.fontawesome.com/releases/v5.15.4/css/all.css]
[peakstudio.org/assets/css/main.css]
[peakstudio.org/index-2.html]
[peakstudio.org/portfolio.html]
[peakstudio.org/contacts.html]
[peakstudio.org/assets/img/Decimal.png]
[peakstudio.org/assets/img/SpaceBot.png]
[peakstudio.org/assets/img/FinWhaleX.png]
[peakstudio.org/assets/img/Binam.png]
[peakstudio.org/assets/img/icons/Node.js.svg]
[peakstudio.org/assets/img/icons/TypeScript.svg]
[peakstudio.org/assets/img/icons/Solidity.svg]
[peakstudio.org/assets/img/icons/Java.svg]
[peakstudio.org/assets/img/icons/GO.svg]
[peakstudio.org/assets/img/icons/Dart.svg]
[peakstudio.org/assets/img/icons/Nuxt.js.svg]
[peakstudio.org/assets/img/icons/Vue.js.svg]
[peakstudio.org/assets/img/icons/React.svg]
[peakstudio.org/assets/img/icons/Next.js.svg]
[peakstudio.org/assets/img/icons/Web3.svg]
[peakstudio.org/assets/img/icons/Hardhat.svg]
[peakstudio.org/assets/img/icons/Truffle.svg]
[peakstudio.org/assets/img/icons/Flutter.svg]
[peakstudio.org/assets/img/icons/Telegram Bot API.svg]
[peakstudio.org/assets/img/icons/Facebook Bot API.svg]
[peakstudio.org/assets/img/icons/Trading View.svg]
[peakstudio.org/assets/img/icons/Metamask.svg]
[peakstudio.org/assets/img/icons/IPFS.svg]
[peakstudio.org/assets/img/icons/PostgreSQL.svg]
[peakstudio.org/assets/img/icons/MongoDB.svg]
[peakstudio.org/assets/img/icons/Bitcoin.svg]
[peakstudio.org/assets/img/icons/Binance Smart Chain.svg]
[peakstudio.org/assets/img/icons/EOS.svg]
[peakstudio.org/assets/img/icons/Tendermint Core.svg]
[peakstudio.org/assets/img/icons/Cosmos SDK.svg]
[peakstudio.org/assets/img/icons/Litecoin.svg]
[peakstudio.org/assets/img/icons/Polkadot.svg]
[peakstudio.org/assets/img/c0af28c.png]
[code.jquery.com/jquery-3.5.1.slim.min.js]
[cdn.jsdelivr.net/npm/bootstrap@4.6.0/dist/js/bootstrap.bundle.min.js]
[www.gstatic.com/firebasejs/7.21.1/firebase.js]
[peakstudio.org/assets/js/app.js]
[peakstudio.org/index.html]
[cdn.jsdelivr.net/npm/bootstrap@4.6.0/dist/css/bootstrap.min.css]
[use.fontawesome.com/releases/v5.15.4/css/all.css]
[peakstudio.org/assets/css/main.css]
[peakstudio.org/index-2.html]
[peakstudio.org/assets/img/tracewallet.png]
[peakstudio.org/assets/img/cryptocash.png]
[peakstudio.org/assets/img/sonicpay.png]
[peakstudio.org/assets/img/dao.png]
[peakstudio.org/assets/img/d8x.png]
[peakstudio.org/assets/img/hedpay.png]
[peakstudio.org/assets/img/cryptoduel.png]
[peakstudio.org/assets/img/ferfit.png]
[peakstudio.org/assets/img/cryptoken.png]
[peakstudio.org/assets/img/pay2bit.png]
[peakstudio.org/assets/img/cyberfi.png]
[peakstudio.org/assets/img/samurai.png]
[peakstudio.org/assets/img/yearnyfi.png]
[peakstudio.org/portfolio.html]
[peakstudio.org/contacts.html]
[peakstudio.org/assets/img/icons/Node.js.svg]
[peakstudio.org/assets/img/icons/TypeScript.svg]
[peakstudio.org/assets/img/icons/Solidity.svg]
[peakstudio.org/assets/img/icons/Java.svg]
[peakstudio.org/assets/img/icons/GO.svg]
[peakstudio.org/assets/img/icons/Dart.svg]
[peakstudio.org/assets/img/icons/Nuxt.js.svg]
[peakstudio.org/assets/img/icons/Vue.js.svg]
[peakstudio.org/assets/img/icons/React.svg]
[peakstudio.org/assets/img/icons/Next.js.svg]
[peakstudio.org/assets/img/icons/Web3.svg]
[peakstudio.org/assets/img/icons/Hardhat.svg]
[peakstudio.org/assets/img/icons/Truffle.svg]
[peakstudio.org/assets/img/icons/Flutter.svg]
[peakstudio.org/assets/img/icons/Telegram Bot API.svg]
[peakstudio.org/assets/img/icons/Facebook Bot API.svg]
[peakstudio.org/assets/img/icons/Trading View.svg]
[peakstudio.org/assets/img/icons/Metamask.svg]
[peakstudio.org/assets/img/icons/IPFS.svg]
[peakstudio.org/assets/img/icons/PostgreSQL.svg]
[peakstudio.org/assets/img/icons/MongoDB.svg]
[peakstudio.org/assets/img/icons/Ethereum.svg]
[peakstudio.org/assets/img/icons/Bitcoin.svg]
[peakstudio.org/assets/img/icons/TRОN.html]
[peakstudio.org/assets/img/icons/Binance Smart Chain.svg]
[peakstudio.org/assets/img/icons/EOS.svg]
[peakstudio.org/assets/img/icons/Tendermint Core.svg]
[peakstudio.org/assets/img/icons/Cosmos SDK.svg]
[peakstudio.org/assets/img/icons/Litecoin.svg]
[peakstudio.org/assets/img/icons/Polkadot.svg]
